<?xml version="1.0" encoding="UTF-8"?><testsuite errors="0" failures="1" name="Crear y elimimar registros" skipped="0" tests="3" time="488.07" timestamp="2021-05-08 06:50:32"><testcase name="Acceso al panel de control usuario"/><testcase name="Crear nuevo registro"/><testcase name="Eliminar Registro"><failure message="No encontrado" type="java.lang.AssertionError">No encontrado</failure><system-err>No encontrado&#13;
stepdefinitions.AutomatizaciosqaStepDefinitions.elVisualizaElMensajeSuccessDelete(AutomatizaciosqaStepDefinitions.java:69)&#13;
✽.el visualiza el mensaje success delete(src/test/resources/features/Automatizacionsqa.feature:39)&#13;
</system-err></testcase></testsuite>